[10:09:53:984] [ERROR] - com.shuyu.dao.impl.HibernateDaoImpl.getAll(HibernateDaoImpl.java:46) - person is not mapped [select id,name from person]
org.hibernate.hql.ast.QuerySyntaxException: person is not mapped [select id,name from person]
	at org.hibernate.hql.ast.util.SessionFactoryHelper.requireClassPersister(SessionFactoryHelper.java:158) ~[hibernate-3.2.1.ga.jar:3.2.1.ga]
	at org.hibernate.hql.ast.tree.FromElementFactory.addFromElement(FromElementFactory.java:87) ~[hibernate-3.2.1.ga.jar:3.2.1.ga]
	at org.hibernate.hql.ast.tree.FromClause.addFromElement(FromClause.java:70) ~[hibernate-3.2.1.ga.jar:3.2.1.ga]
	at org.hibernate.hql.ast.HqlSqlWalker.createFromElement(HqlSqlWalker.java:257) ~[hibernate-3.2.1.ga.jar:3.2.1.ga]
	at org.hibernate.hql.antlr.HqlSqlBaseWalker.fromElement(HqlSqlBaseWalker.java:3056) ~[hibernate-3.2.1.ga.jar:3.2.1.ga]
	at org.hibernate.hql.antlr.HqlSqlBaseWalker.fromElementList(HqlSqlBaseWalker.java:2945) ~[hibernate-3.2.1.ga.jar:3.2.1.ga]
	at org.hibernate.hql.antlr.HqlSqlBaseWalker.fromClause(HqlSqlBaseWalker.java:688) ~[hibernate-3.2.1.ga.jar:3.2.1.ga]
	at org.hibernate.hql.antlr.HqlSqlBaseWalker.query(HqlSqlBaseWalker.java:544) ~[hibernate-3.2.1.ga.jar:3.2.1.ga]
	at org.hibernate.hql.antlr.HqlSqlBaseWalker.selectStatement(HqlSqlBaseWalker.java:281) ~[hibernate-3.2.1.ga.jar:3.2.1.ga]
	at org.hibernate.hql.antlr.HqlSqlBaseWalker.statement(HqlSqlBaseWalker.java:229) ~[hibernate-3.2.1.ga.jar:3.2.1.ga]
	at org.hibernate.hql.ast.QueryTranslatorImpl.analyze(QueryTranslatorImpl.java:228) ~[hibernate-3.2.1.ga.jar:3.2.1.ga]
	at org.hibernate.hql.ast.QueryTranslatorImpl.doCompile(QueryTranslatorImpl.java:160) ~[hibernate-3.2.1.ga.jar:3.2.1.ga]
	at org.hibernate.hql.ast.QueryTranslatorImpl.compile(QueryTranslatorImpl.java:111) ~[hibernate-3.2.1.ga.jar:3.2.1.ga]
	at org.hibernate.engine.query.HQLQueryPlan.<init>(HQLQueryPlan.java:77) ~[hibernate-3.2.1.ga.jar:3.2.1.ga]
	at org.hibernate.engine.query.HQLQueryPlan.<init>(HQLQueryPlan.java:56) ~[hibernate-3.2.1.ga.jar:3.2.1.ga]
	at org.hibernate.engine.query.QueryPlanCache.getHQLQueryPlan(QueryPlanCache.java:72) ~[hibernate-3.2.1.ga.jar:3.2.1.ga]
	at org.hibernate.impl.AbstractSessionImpl.getHQLQueryPlan(AbstractSessionImpl.java:133) ~[hibernate-3.2.1.ga.jar:3.2.1.ga]
	at org.hibernate.impl.AbstractSessionImpl.createQuery(AbstractSessionImpl.java:112) ~[hibernate-3.2.1.ga.jar:3.2.1.ga]
	at org.hibernate.impl.SessionImpl.createQuery(SessionImpl.java:1623) ~[hibernate-3.2.1.ga.jar:3.2.1.ga]
	at com.shuyu.dao.impl.HibernateDaoImpl.getAll(HibernateDaoImpl.java:40) [classes/:?]
	at com.shuyu.service.impl.HibernateServiceImpl.getAll(HibernateServiceImpl.java:20) [classes/:?]
	at com.shuyu.controller.Test.getAll(Test.java:24) [classes/:?]
	at sun.reflect.NativeMethodAccessorImpl.invoke0(Native Method) ~[?:1.8.0_66]
	at sun.reflect.NativeMethodAccessorImpl.invoke(NativeMethodAccessorImpl.java:62) ~[?:1.8.0_66]
	at sun.reflect.DelegatingMethodAccessorImpl.invoke(DelegatingMethodAccessorImpl.java:43) ~[?:1.8.0_66]
	at java.lang.reflect.Method.invoke(Method.java:497) ~[?:1.8.0_66]
	at org.springframework.web.method.support.InvocableHandlerMethod.doInvoke(InvocableHandlerMethod.java:221) [spring-web-3.2.18.RELEASE.jar:3.2.18.RELEASE]
	at org.springframework.web.method.support.InvocableHandlerMethod.invokeForRequest(InvocableHandlerMethod.java:136) [spring-web-3.2.18.RELEASE.jar:3.2.18.RELEASE]
	at org.springframework.web.servlet.mvc.method.annotation.ServletInvocableHandlerMethod.invokeAndHandle(ServletInvocableHandlerMethod.java:104) [spring-webmvc-3.2.18.RELEASE.jar:3.2.18.RELEASE]
	at org.springframework.web.servlet.mvc.method.annotation.RequestMappingHandlerAdapter.invokeHandleMethod(RequestMappingHandlerAdapter.java:743) [spring-webmvc-3.2.18.RELEASE.jar:3.2.18.RELEASE]
	at org.springframework.web.servlet.mvc.method.annotation.RequestMappingHandlerAdapter.handleInternal(RequestMappingHandlerAdapter.java:672) [spring-webmvc-3.2.18.RELEASE.jar:3.2.18.RELEASE]
	at org.springframework.web.servlet.mvc.method.AbstractHandlerMethodAdapter.handle(AbstractHandlerMethodAdapter.java:82) [spring-webmvc-3.2.18.RELEASE.jar:3.2.18.RELEASE]
	at org.springframework.web.servlet.DispatcherServlet.doDispatch(DispatcherServlet.java:933) [spring-webmvc-3.2.18.RELEASE.jar:3.2.18.RELEASE]
	at org.springframework.web.servlet.DispatcherServlet.doService(DispatcherServlet.java:867) [spring-webmvc-3.2.18.RELEASE.jar:3.2.18.RELEASE]
	at org.springframework.web.servlet.FrameworkServlet.processRequest(FrameworkServlet.java:951) [spring-webmvc-3.2.18.RELEASE.jar:3.2.18.RELEASE]
	at org.springframework.web.servlet.FrameworkServlet.doGet(FrameworkServlet.java:842) [spring-webmvc-3.2.18.RELEASE.jar:3.2.18.RELEASE]
	at javax.servlet.http.HttpServlet.service(HttpServlet.java:635) [servlet-api.jar:?]
	at org.springframework.web.servlet.FrameworkServlet.service(FrameworkServlet.java:827) [spring-webmvc-3.2.18.RELEASE.jar:3.2.18.RELEASE]
	at javax.servlet.http.HttpServlet.service(HttpServlet.java:742) [servlet-api.jar:?]
	at org.apache.catalina.core.ApplicationFilterChain.internalDoFilter(ApplicationFilterChain.java:231) [catalina.jar:8.5.15]
	at org.apache.catalina.core.ApplicationFilterChain.doFilter(ApplicationFilterChain.java:166) [catalina.jar:8.5.15]
	at org.apache.tomcat.websocket.server.WsFilter.doFilter(WsFilter.java:52) [tomcat-websocket.jar:8.5.15]
	at org.apache.catalina.core.ApplicationFilterChain.internalDoFilter(ApplicationFilterChain.java:193) [catalina.jar:8.5.15]
	at org.apache.catalina.core.ApplicationFilterChain.doFilter(ApplicationFilterChain.java:166) [catalina.jar:8.5.15]
	at org.apache.catalina.core.StandardWrapperValve.invoke(StandardWrapperValve.java:198) [catalina.jar:8.5.15]
	at org.apache.catalina.core.StandardContextValve.invoke(StandardContextValve.java:96) [catalina.jar:8.5.15]
	at org.apache.catalina.authenticator.AuthenticatorBase.invoke(AuthenticatorBase.java:478) [catalina.jar:8.5.15]
	at org.apache.catalina.core.StandardHostValve.invoke(StandardHostValve.java:140) [catalina.jar:8.5.15]
	at org.apache.catalina.valves.ErrorReportValve.invoke(ErrorReportValve.java:80) [catalina.jar:8.5.15]
	at org.apache.catalina.valves.AbstractAccessLogValve.invoke(AbstractAccessLogValve.java:624) [catalina.jar:8.5.15]
	at org.apache.catalina.core.StandardEngineValve.invoke(StandardEngineValve.java:87) [catalina.jar:8.5.15]
	at org.apache.catalina.connector.CoyoteAdapter.service(CoyoteAdapter.java:342) [catalina.jar:8.5.15]
	at org.apache.coyote.http11.Http11Processor.service(Http11Processor.java:799) [tomcat-coyote.jar:8.5.15]
	at org.apache.coyote.AbstractProcessorLight.process(AbstractProcessorLight.java:66) [tomcat-coyote.jar:8.5.15]
	at org.apache.coyote.AbstractProtocol$ConnectionHandler.process(AbstractProtocol.java:861) [tomcat-coyote.jar:8.5.15]
	at org.apache.tomcat.util.net.NioEndpoint$SocketProcessor.doRun(NioEndpoint.java:1455) [tomcat-coyote.jar:8.5.15]
	at org.apache.tomcat.util.net.SocketProcessorBase.run(SocketProcessorBase.java:49) [tomcat-coyote.jar:8.5.15]
	at java.util.concurrent.ThreadPoolExecutor.runWorker(ThreadPoolExecutor.java:1142) [?:1.8.0_66]
	at java.util.concurrent.ThreadPoolExecutor$Worker.run(ThreadPoolExecutor.java:617) [?:1.8.0_66]
	at org.apache.tomcat.util.threads.TaskThread$WrappingRunnable.run(TaskThread.java:61) [tomcat-util.jar:8.5.15]
	at java.lang.Thread.run(Thread.java:745) [?:1.8.0_66]
[10:17:44:192] [ERROR] - com.shuyu.dao.impl.HibernateDaoImpl.getAll(HibernateDaoImpl.java:50) - person is not mapped [select id,name from person]
org.hibernate.hql.ast.QuerySyntaxException: person is not mapped [select id,name from person]
	at org.hibernate.hql.ast.util.SessionFactoryHelper.requireClassPersister(SessionFactoryHelper.java:158) ~[hibernate-3.2.1.ga.jar:3.2.1.ga]
	at org.hibernate.hql.ast.tree.FromElementFactory.addFromElement(FromElementFactory.java:87) ~[hibernate-3.2.1.ga.jar:3.2.1.ga]
	at org.hibernate.hql.ast.tree.FromClause.addFromElement(FromClause.java:70) ~[hibernate-3.2.1.ga.jar:3.2.1.ga]
	at org.hibernate.hql.ast.HqlSqlWalker.createFromElement(HqlSqlWalker.java:257) ~[hibernate-3.2.1.ga.jar:3.2.1.ga]
	at org.hibernate.hql.antlr.HqlSqlBaseWalker.fromElement(HqlSqlBaseWalker.java:3056) ~[hibernate-3.2.1.ga.jar:3.2.1.ga]
	at org.hibernate.hql.antlr.HqlSqlBaseWalker.fromElementList(HqlSqlBaseWalker.java:2945) ~[hibernate-3.2.1.ga.jar:3.2.1.ga]
	at org.hibernate.hql.antlr.HqlSqlBaseWalker.fromClause(HqlSqlBaseWalker.java:688) ~[hibernate-3.2.1.ga.jar:3.2.1.ga]
	at org.hibernate.hql.antlr.HqlSqlBaseWalker.query(HqlSqlBaseWalker.java:544) ~[hibernate-3.2.1.ga.jar:3.2.1.ga]
	at org.hibernate.hql.antlr.HqlSqlBaseWalker.selectStatement(HqlSqlBaseWalker.java:281) ~[hibernate-3.2.1.ga.jar:3.2.1.ga]
	at org.hibernate.hql.antlr.HqlSqlBaseWalker.statement(HqlSqlBaseWalker.java:229) ~[hibernate-3.2.1.ga.jar:3.2.1.ga]
	at org.hibernate.hql.ast.QueryTranslatorImpl.analyze(QueryTranslatorImpl.java:228) ~[hibernate-3.2.1.ga.jar:3.2.1.ga]
	at org.hibernate.hql.ast.QueryTranslatorImpl.doCompile(QueryTranslatorImpl.java:160) ~[hibernate-3.2.1.ga.jar:3.2.1.ga]
	at org.hibernate.hql.ast.QueryTranslatorImpl.compile(QueryTranslatorImpl.java:111) ~[hibernate-3.2.1.ga.jar:3.2.1.ga]
	at org.hibernate.engine.query.HQLQueryPlan.<init>(HQLQueryPlan.java:77) ~[hibernate-3.2.1.ga.jar:3.2.1.ga]
	at org.hibernate.engine.query.HQLQueryPlan.<init>(HQLQueryPlan.java:56) ~[hibernate-3.2.1.ga.jar:3.2.1.ga]
	at org.hibernate.engine.query.QueryPlanCache.getHQLQueryPlan(QueryPlanCache.java:72) ~[hibernate-3.2.1.ga.jar:3.2.1.ga]
	at org.hibernate.impl.AbstractSessionImpl.getHQLQueryPlan(AbstractSessionImpl.java:133) ~[hibernate-3.2.1.ga.jar:3.2.1.ga]
	at org.hibernate.impl.AbstractSessionImpl.createQuery(AbstractSessionImpl.java:112) ~[hibernate-3.2.1.ga.jar:3.2.1.ga]
	at org.hibernate.impl.SessionImpl.createQuery(SessionImpl.java:1623) ~[hibernate-3.2.1.ga.jar:3.2.1.ga]
	at com.shuyu.dao.impl.HibernateDaoImpl.getAll(HibernateDaoImpl.java:41) [classes/:?]
	at com.shuyu.service.impl.HibernateServiceImpl.getAll(HibernateServiceImpl.java:20) [classes/:?]
	at com.shuyu.controller.Test.getAll(Test.java:24) [classes/:?]
	at sun.reflect.NativeMethodAccessorImpl.invoke0(Native Method) ~[?:1.8.0_66]
	at sun.reflect.NativeMethodAccessorImpl.invoke(NativeMethodAccessorImpl.java:62) ~[?:1.8.0_66]
	at sun.reflect.DelegatingMethodAccessorImpl.invoke(DelegatingMethodAccessorImpl.java:43) ~[?:1.8.0_66]
	at java.lang.reflect.Method.invoke(Method.java:497) ~[?:1.8.0_66]
	at org.springframework.web.method.support.InvocableHandlerMethod.doInvoke(InvocableHandlerMethod.java:221) [spring-web-3.2.18.RELEASE.jar:3.2.18.RELEASE]
	at org.springframework.web.method.support.InvocableHandlerMethod.invokeForRequest(InvocableHandlerMethod.java:136) [spring-web-3.2.18.RELEASE.jar:3.2.18.RELEASE]
	at org.springframework.web.servlet.mvc.method.annotation.ServletInvocableHandlerMethod.invokeAndHandle(ServletInvocableHandlerMethod.java:104) [spring-webmvc-3.2.18.RELEASE.jar:3.2.18.RELEASE]
	at org.springframework.web.servlet.mvc.method.annotation.RequestMappingHandlerAdapter.invokeHandleMethod(RequestMappingHandlerAdapter.java:743) [spring-webmvc-3.2.18.RELEASE.jar:3.2.18.RELEASE]
	at org.springframework.web.servlet.mvc.method.annotation.RequestMappingHandlerAdapter.handleInternal(RequestMappingHandlerAdapter.java:672) [spring-webmvc-3.2.18.RELEASE.jar:3.2.18.RELEASE]
	at org.springframework.web.servlet.mvc.method.AbstractHandlerMethodAdapter.handle(AbstractHandlerMethodAdapter.java:82) [spring-webmvc-3.2.18.RELEASE.jar:3.2.18.RELEASE]
	at org.springframework.web.servlet.DispatcherServlet.doDispatch(DispatcherServlet.java:933) [spring-webmvc-3.2.18.RELEASE.jar:3.2.18.RELEASE]
	at org.springframework.web.servlet.DispatcherServlet.doService(DispatcherServlet.java:867) [spring-webmvc-3.2.18.RELEASE.jar:3.2.18.RELEASE]
	at org.springframework.web.servlet.FrameworkServlet.processRequest(FrameworkServlet.java:951) [spring-webmvc-3.2.18.RELEASE.jar:3.2.18.RELEASE]
	at org.springframework.web.servlet.FrameworkServlet.doGet(FrameworkServlet.java:842) [spring-webmvc-3.2.18.RELEASE.jar:3.2.18.RELEASE]
	at javax.servlet.http.HttpServlet.service(HttpServlet.java:635) [servlet-api.jar:?]
	at org.springframework.web.servlet.FrameworkServlet.service(FrameworkServlet.java:827) [spring-webmvc-3.2.18.RELEASE.jar:3.2.18.RELEASE]
	at javax.servlet.http.HttpServlet.service(HttpServlet.java:742) [servlet-api.jar:?]
	at org.apache.catalina.core.ApplicationFilterChain.internalDoFilter(ApplicationFilterChain.java:231) [catalina.jar:8.5.15]
	at org.apache.catalina.core.ApplicationFilterChain.doFilter(ApplicationFilterChain.java:166) [catalina.jar:8.5.15]
	at org.apache.tomcat.websocket.server.WsFilter.doFilter(WsFilter.java:52) [tomcat-websocket.jar:8.5.15]
	at org.apache.catalina.core.ApplicationFilterChain.internalDoFilter(ApplicationFilterChain.java:193) [catalina.jar:8.5.15]
	at org.apache.catalina.core.ApplicationFilterChain.doFilter(ApplicationFilterChain.java:166) [catalina.jar:8.5.15]
	at org.apache.catalina.core.StandardWrapperValve.invoke(StandardWrapperValve.java:198) [catalina.jar:8.5.15]
	at org.apache.catalina.core.StandardContextValve.invoke(StandardContextValve.java:96) [catalina.jar:8.5.15]
	at org.apache.catalina.authenticator.AuthenticatorBase.invoke(AuthenticatorBase.java:478) [catalina.jar:8.5.15]
	at org.apache.catalina.core.StandardHostValve.invoke(StandardHostValve.java:140) [catalina.jar:8.5.15]
	at org.apache.catalina.valves.ErrorReportValve.invoke(ErrorReportValve.java:80) [catalina.jar:8.5.15]
	at org.apache.catalina.valves.AbstractAccessLogValve.invoke(AbstractAccessLogValve.java:624) [catalina.jar:8.5.15]
	at org.apache.catalina.core.StandardEngineValve.invoke(StandardEngineValve.java:87) [catalina.jar:8.5.15]
	at org.apache.catalina.connector.CoyoteAdapter.service(CoyoteAdapter.java:342) [catalina.jar:8.5.15]
	at org.apache.coyote.http11.Http11Processor.service(Http11Processor.java:799) [tomcat-coyote.jar:8.5.15]
	at org.apache.coyote.AbstractProcessorLight.process(AbstractProcessorLight.java:66) [tomcat-coyote.jar:8.5.15]
	at org.apache.coyote.AbstractProtocol$ConnectionHandler.process(AbstractProtocol.java:861) [tomcat-coyote.jar:8.5.15]
	at org.apache.tomcat.util.net.NioEndpoint$SocketProcessor.doRun(NioEndpoint.java:1455) [tomcat-coyote.jar:8.5.15]
	at org.apache.tomcat.util.net.SocketProcessorBase.run(SocketProcessorBase.java:49) [tomcat-coyote.jar:8.5.15]
	at java.util.concurrent.ThreadPoolExecutor.runWorker(ThreadPoolExecutor.java:1142) [?:1.8.0_66]
	at java.util.concurrent.ThreadPoolExecutor$Worker.run(ThreadPoolExecutor.java:617) [?:1.8.0_66]
	at org.apache.tomcat.util.threads.TaskThread$WrappingRunnable.run(TaskThread.java:61) [tomcat-util.jar:8.5.15]
	at java.lang.Thread.run(Thread.java:745) [?:1.8.0_66]
[10:24:10:805] [ERROR] - com.shuyu.dao.impl.HibernateDaoImpl.getAll(HibernateDaoImpl.java:50) - person is not mapped [select ID,NAME from person]
org.hibernate.hql.ast.QuerySyntaxException: person is not mapped [select ID,NAME from person]
	at org.hibernate.hql.ast.util.SessionFactoryHelper.requireClassPersister(SessionFactoryHelper.java:158) ~[hibernate-3.2.1.ga.jar:3.2.1.ga]
	at org.hibernate.hql.ast.tree.FromElementFactory.addFromElement(FromElementFactory.java:87) ~[hibernate-3.2.1.ga.jar:3.2.1.ga]
	at org.hibernate.hql.ast.tree.FromClause.addFromElement(FromClause.java:70) ~[hibernate-3.2.1.ga.jar:3.2.1.ga]
	at org.hibernate.hql.ast.HqlSqlWalker.createFromElement(HqlSqlWalker.java:257) ~[hibernate-3.2.1.ga.jar:3.2.1.ga]
	at org.hibernate.hql.antlr.HqlSqlBaseWalker.fromElement(HqlSqlBaseWalker.java:3056) ~[hibernate-3.2.1.ga.jar:3.2.1.ga]
	at org.hibernate.hql.antlr.HqlSqlBaseWalker.fromElementList(HqlSqlBaseWalker.java:2945) ~[hibernate-3.2.1.ga.jar:3.2.1.ga]
	at org.hibernate.hql.antlr.HqlSqlBaseWalker.fromClause(HqlSqlBaseWalker.java:688) ~[hibernate-3.2.1.ga.jar:3.2.1.ga]
	at org.hibernate.hql.antlr.HqlSqlBaseWalker.query(HqlSqlBaseWalker.java:544) ~[hibernate-3.2.1.ga.jar:3.2.1.ga]
	at org.hibernate.hql.antlr.HqlSqlBaseWalker.selectStatement(HqlSqlBaseWalker.java:281) ~[hibernate-3.2.1.ga.jar:3.2.1.ga]
	at org.hibernate.hql.antlr.HqlSqlBaseWalker.statement(HqlSqlBaseWalker.java:229) ~[hibernate-3.2.1.ga.jar:3.2.1.ga]
	at org.hibernate.hql.ast.QueryTranslatorImpl.analyze(QueryTranslatorImpl.java:228) ~[hibernate-3.2.1.ga.jar:3.2.1.ga]
	at org.hibernate.hql.ast.QueryTranslatorImpl.doCompile(QueryTranslatorImpl.java:160) ~[hibernate-3.2.1.ga.jar:3.2.1.ga]
	at org.hibernate.hql.ast.QueryTranslatorImpl.compile(QueryTranslatorImpl.java:111) ~[hibernate-3.2.1.ga.jar:3.2.1.ga]
	at org.hibernate.engine.query.HQLQueryPlan.<init>(HQLQueryPlan.java:77) ~[hibernate-3.2.1.ga.jar:3.2.1.ga]
	at org.hibernate.engine.query.HQLQueryPlan.<init>(HQLQueryPlan.java:56) ~[hibernate-3.2.1.ga.jar:3.2.1.ga]
	at org.hibernate.engine.query.QueryPlanCache.getHQLQueryPlan(QueryPlanCache.java:72) ~[hibernate-3.2.1.ga.jar:3.2.1.ga]
	at org.hibernate.impl.AbstractSessionImpl.getHQLQueryPlan(AbstractSessionImpl.java:133) ~[hibernate-3.2.1.ga.jar:3.2.1.ga]
	at org.hibernate.impl.AbstractSessionImpl.createQuery(AbstractSessionImpl.java:112) ~[hibernate-3.2.1.ga.jar:3.2.1.ga]
	at org.hibernate.impl.SessionImpl.createQuery(SessionImpl.java:1623) ~[hibernate-3.2.1.ga.jar:3.2.1.ga]
	at com.shuyu.dao.impl.HibernateDaoImpl.getAll(HibernateDaoImpl.java:41) [classes/:?]
	at com.shuyu.service.impl.HibernateServiceImpl.getAll(HibernateServiceImpl.java:20) [classes/:?]
	at com.shuyu.controller.Test.getAll(Test.java:24) [classes/:?]
	at sun.reflect.NativeMethodAccessorImpl.invoke0(Native Method) ~[?:1.8.0_66]
	at sun.reflect.NativeMethodAccessorImpl.invoke(NativeMethodAccessorImpl.java:62) ~[?:1.8.0_66]
	at sun.reflect.DelegatingMethodAccessorImpl.invoke(DelegatingMethodAccessorImpl.java:43) ~[?:1.8.0_66]
	at java.lang.reflect.Method.invoke(Method.java:497) ~[?:1.8.0_66]
	at org.springframework.web.method.support.InvocableHandlerMethod.doInvoke(InvocableHandlerMethod.java:221) [spring-web-3.2.18.RELEASE.jar:3.2.18.RELEASE]
	at org.springframework.web.method.support.InvocableHandlerMethod.invokeForRequest(InvocableHandlerMethod.java:136) [spring-web-3.2.18.RELEASE.jar:3.2.18.RELEASE]
	at org.springframework.web.servlet.mvc.method.annotation.ServletInvocableHandlerMethod.invokeAndHandle(ServletInvocableHandlerMethod.java:104) [spring-webmvc-3.2.18.RELEASE.jar:3.2.18.RELEASE]
	at org.springframework.web.servlet.mvc.method.annotation.RequestMappingHandlerAdapter.invokeHandleMethod(RequestMappingHandlerAdapter.java:743) [spring-webmvc-3.2.18.RELEASE.jar:3.2.18.RELEASE]
	at org.springframework.web.servlet.mvc.method.annotation.RequestMappingHandlerAdapter.handleInternal(RequestMappingHandlerAdapter.java:672) [spring-webmvc-3.2.18.RELEASE.jar:3.2.18.RELEASE]
	at org.springframework.web.servlet.mvc.method.AbstractHandlerMethodAdapter.handle(AbstractHandlerMethodAdapter.java:82) [spring-webmvc-3.2.18.RELEASE.jar:3.2.18.RELEASE]
	at org.springframework.web.servlet.DispatcherServlet.doDispatch(DispatcherServlet.java:933) [spring-webmvc-3.2.18.RELEASE.jar:3.2.18.RELEASE]
	at org.springframework.web.servlet.DispatcherServlet.doService(DispatcherServlet.java:867) [spring-webmvc-3.2.18.RELEASE.jar:3.2.18.RELEASE]
	at org.springframework.web.servlet.FrameworkServlet.processRequest(FrameworkServlet.java:951) [spring-webmvc-3.2.18.RELEASE.jar:3.2.18.RELEASE]
	at org.springframework.web.servlet.FrameworkServlet.doGet(FrameworkServlet.java:842) [spring-webmvc-3.2.18.RELEASE.jar:3.2.18.RELEASE]
	at javax.servlet.http.HttpServlet.service(HttpServlet.java:635) [servlet-api.jar:?]
	at org.springframework.web.servlet.FrameworkServlet.service(FrameworkServlet.java:827) [spring-webmvc-3.2.18.RELEASE.jar:3.2.18.RELEASE]
	at javax.servlet.http.HttpServlet.service(HttpServlet.java:742) [servlet-api.jar:?]
	at org.apache.catalina.core.ApplicationFilterChain.internalDoFilter(ApplicationFilterChain.java:231) [catalina.jar:8.5.15]
	at org.apache.catalina.core.ApplicationFilterChain.doFilter(ApplicationFilterChain.java:166) [catalina.jar:8.5.15]
	at org.apache.tomcat.websocket.server.WsFilter.doFilter(WsFilter.java:52) [tomcat-websocket.jar:8.5.15]
	at org.apache.catalina.core.ApplicationFilterChain.internalDoFilter(ApplicationFilterChain.java:193) [catalina.jar:8.5.15]
	at org.apache.catalina.core.ApplicationFilterChain.doFilter(ApplicationFilterChain.java:166) [catalina.jar:8.5.15]
	at org.apache.catalina.core.StandardWrapperValve.invoke(StandardWrapperValve.java:198) [catalina.jar:8.5.15]
	at org.apache.catalina.core.StandardContextValve.invoke(StandardContextValve.java:96) [catalina.jar:8.5.15]
	at org.apache.catalina.authenticator.AuthenticatorBase.invoke(AuthenticatorBase.java:478) [catalina.jar:8.5.15]
	at org.apache.catalina.core.StandardHostValve.invoke(StandardHostValve.java:140) [catalina.jar:8.5.15]
	at org.apache.catalina.valves.ErrorReportValve.invoke(ErrorReportValve.java:80) [catalina.jar:8.5.15]
	at org.apache.catalina.valves.AbstractAccessLogValve.invoke(AbstractAccessLogValve.java:624) [catalina.jar:8.5.15]
	at org.apache.catalina.core.StandardEngineValve.invoke(StandardEngineValve.java:87) [catalina.jar:8.5.15]
	at org.apache.catalina.connector.CoyoteAdapter.service(CoyoteAdapter.java:342) [catalina.jar:8.5.15]
	at org.apache.coyote.http11.Http11Processor.service(Http11Processor.java:799) [tomcat-coyote.jar:8.5.15]
	at org.apache.coyote.AbstractProcessorLight.process(AbstractProcessorLight.java:66) [tomcat-coyote.jar:8.5.15]
	at org.apache.coyote.AbstractProtocol$ConnectionHandler.process(AbstractProtocol.java:861) [tomcat-coyote.jar:8.5.15]
	at org.apache.tomcat.util.net.NioEndpoint$SocketProcessor.doRun(NioEndpoint.java:1455) [tomcat-coyote.jar:8.5.15]
	at org.apache.tomcat.util.net.SocketProcessorBase.run(SocketProcessorBase.java:49) [tomcat-coyote.jar:8.5.15]
	at java.util.concurrent.ThreadPoolExecutor.runWorker(ThreadPoolExecutor.java:1142) [?:1.8.0_66]
	at java.util.concurrent.ThreadPoolExecutor$Worker.run(ThreadPoolExecutor.java:617) [?:1.8.0_66]
	at org.apache.tomcat.util.threads.TaskThread$WrappingRunnable.run(TaskThread.java:61) [tomcat-util.jar:8.5.15]
	at java.lang.Thread.run(Thread.java:745) [?:1.8.0_66]
[10:27:58:551] [ERROR] - com.shuyu.dao.impl.HibernateDaoImpl.getAll(HibernateDaoImpl.java:50) - person is not mapped [select ID,NAME from person]
org.hibernate.hql.ast.QuerySyntaxException: person is not mapped [select ID,NAME from person]
	at org.hibernate.hql.ast.util.SessionFactoryHelper.requireClassPersister(SessionFactoryHelper.java:158) ~[hibernate-3.2.1.ga.jar:3.2.1.ga]
	at org.hibernate.hql.ast.tree.FromElementFactory.addFromElement(FromElementFactory.java:87) ~[hibernate-3.2.1.ga.jar:3.2.1.ga]
	at org.hibernate.hql.ast.tree.FromClause.addFromElement(FromClause.java:70) ~[hibernate-3.2.1.ga.jar:3.2.1.ga]
	at org.hibernate.hql.ast.HqlSqlWalker.createFromElement(HqlSqlWalker.java:257) ~[hibernate-3.2.1.ga.jar:3.2.1.ga]
	at org.hibernate.hql.antlr.HqlSqlBaseWalker.fromElement(HqlSqlBaseWalker.java:3056) ~[hibernate-3.2.1.ga.jar:3.2.1.ga]
	at org.hibernate.hql.antlr.HqlSqlBaseWalker.fromElementList(HqlSqlBaseWalker.java:2945) ~[hibernate-3.2.1.ga.jar:3.2.1.ga]
	at org.hibernate.hql.antlr.HqlSqlBaseWalker.fromClause(HqlSqlBaseWalker.java:688) ~[hibernate-3.2.1.ga.jar:3.2.1.ga]
	at org.hibernate.hql.antlr.HqlSqlBaseWalker.query(HqlSqlBaseWalker.java:544) ~[hibernate-3.2.1.ga.jar:3.2.1.ga]
	at org.hibernate.hql.antlr.HqlSqlBaseWalker.selectStatement(HqlSqlBaseWalker.java:281) ~[hibernate-3.2.1.ga.jar:3.2.1.ga]
	at org.hibernate.hql.antlr.HqlSqlBaseWalker.statement(HqlSqlBaseWalker.java:229) ~[hibernate-3.2.1.ga.jar:3.2.1.ga]
	at org.hibernate.hql.ast.QueryTranslatorImpl.analyze(QueryTranslatorImpl.java:228) ~[hibernate-3.2.1.ga.jar:3.2.1.ga]
	at org.hibernate.hql.ast.QueryTranslatorImpl.doCompile(QueryTranslatorImpl.java:160) ~[hibernate-3.2.1.ga.jar:3.2.1.ga]
	at org.hibernate.hql.ast.QueryTranslatorImpl.compile(QueryTranslatorImpl.java:111) ~[hibernate-3.2.1.ga.jar:3.2.1.ga]
	at org.hibernate.engine.query.HQLQueryPlan.<init>(HQLQueryPlan.java:77) ~[hibernate-3.2.1.ga.jar:3.2.1.ga]
	at org.hibernate.engine.query.HQLQueryPlan.<init>(HQLQueryPlan.java:56) ~[hibernate-3.2.1.ga.jar:3.2.1.ga]
	at org.hibernate.engine.query.QueryPlanCache.getHQLQueryPlan(QueryPlanCache.java:72) ~[hibernate-3.2.1.ga.jar:3.2.1.ga]
	at org.hibernate.impl.AbstractSessionImpl.getHQLQueryPlan(AbstractSessionImpl.java:133) ~[hibernate-3.2.1.ga.jar:3.2.1.ga]
	at org.hibernate.impl.AbstractSessionImpl.createQuery(AbstractSessionImpl.java:112) ~[hibernate-3.2.1.ga.jar:3.2.1.ga]
	at org.hibernate.impl.SessionImpl.createQuery(SessionImpl.java:1623) ~[hibernate-3.2.1.ga.jar:3.2.1.ga]
	at com.shuyu.dao.impl.HibernateDaoImpl.getAll(HibernateDaoImpl.java:41) [classes/:?]
	at com.shuyu.service.impl.HibernateServiceImpl.getAll(HibernateServiceImpl.java:20) [classes/:?]
	at com.shuyu.controller.Test.getAll(Test.java:24) [classes/:?]
	at sun.reflect.NativeMethodAccessorImpl.invoke0(Native Method) ~[?:1.8.0_66]
	at sun.reflect.NativeMethodAccessorImpl.invoke(NativeMethodAccessorImpl.java:62) ~[?:1.8.0_66]
	at sun.reflect.DelegatingMethodAccessorImpl.invoke(DelegatingMethodAccessorImpl.java:43) ~[?:1.8.0_66]
	at java.lang.reflect.Method.invoke(Method.java:497) ~[?:1.8.0_66]
	at org.springframework.web.method.support.InvocableHandlerMethod.doInvoke(InvocableHandlerMethod.java:221) [spring-web-3.2.18.RELEASE.jar:3.2.18.RELEASE]
	at org.springframework.web.method.support.InvocableHandlerMethod.invokeForRequest(InvocableHandlerMethod.java:136) [spring-web-3.2.18.RELEASE.jar:3.2.18.RELEASE]
	at org.springframework.web.servlet.mvc.method.annotation.ServletInvocableHandlerMethod.invokeAndHandle(ServletInvocableHandlerMethod.java:104) [spring-webmvc-3.2.18.RELEASE.jar:3.2.18.RELEASE]
	at org.springframework.web.servlet.mvc.method.annotation.RequestMappingHandlerAdapter.invokeHandleMethod(RequestMappingHandlerAdapter.java:743) [spring-webmvc-3.2.18.RELEASE.jar:3.2.18.RELEASE]
	at org.springframework.web.servlet.mvc.method.annotation.RequestMappingHandlerAdapter.handleInternal(RequestMappingHandlerAdapter.java:672) [spring-webmvc-3.2.18.RELEASE.jar:3.2.18.RELEASE]
	at org.springframework.web.servlet.mvc.method.AbstractHandlerMethodAdapter.handle(AbstractHandlerMethodAdapter.java:82) [spring-webmvc-3.2.18.RELEASE.jar:3.2.18.RELEASE]
	at org.springframework.web.servlet.DispatcherServlet.doDispatch(DispatcherServlet.java:933) [spring-webmvc-3.2.18.RELEASE.jar:3.2.18.RELEASE]
	at org.springframework.web.servlet.DispatcherServlet.doService(DispatcherServlet.java:867) [spring-webmvc-3.2.18.RELEASE.jar:3.2.18.RELEASE]
	at org.springframework.web.servlet.FrameworkServlet.processRequest(FrameworkServlet.java:951) [spring-webmvc-3.2.18.RELEASE.jar:3.2.18.RELEASE]
	at org.springframework.web.servlet.FrameworkServlet.doGet(FrameworkServlet.java:842) [spring-webmvc-3.2.18.RELEASE.jar:3.2.18.RELEASE]
	at javax.servlet.http.HttpServlet.service(HttpServlet.java:635) [servlet-api.jar:?]
	at org.springframework.web.servlet.FrameworkServlet.service(FrameworkServlet.java:827) [spring-webmvc-3.2.18.RELEASE.jar:3.2.18.RELEASE]
	at javax.servlet.http.HttpServlet.service(HttpServlet.java:742) [servlet-api.jar:?]
	at org.apache.catalina.core.ApplicationFilterChain.internalDoFilter(ApplicationFilterChain.java:231) [catalina.jar:8.5.15]
	at org.apache.catalina.core.ApplicationFilterChain.doFilter(ApplicationFilterChain.java:166) [catalina.jar:8.5.15]
	at org.apache.tomcat.websocket.server.WsFilter.doFilter(WsFilter.java:52) [tomcat-websocket.jar:8.5.15]
	at org.apache.catalina.core.ApplicationFilterChain.internalDoFilter(ApplicationFilterChain.java:193) [catalina.jar:8.5.15]
	at org.apache.catalina.core.ApplicationFilterChain.doFilter(ApplicationFilterChain.java:166) [catalina.jar:8.5.15]
	at org.apache.catalina.core.StandardWrapperValve.invoke(StandardWrapperValve.java:198) [catalina.jar:8.5.15]
	at org.apache.catalina.core.StandardContextValve.invoke(StandardContextValve.java:96) [catalina.jar:8.5.15]
	at org.apache.catalina.authenticator.AuthenticatorBase.invoke(AuthenticatorBase.java:478) [catalina.jar:8.5.15]
	at org.apache.catalina.core.StandardHostValve.invoke(StandardHostValve.java:140) [catalina.jar:8.5.15]
	at org.apache.catalina.valves.ErrorReportValve.invoke(ErrorReportValve.java:80) [catalina.jar:8.5.15]
	at org.apache.catalina.valves.AbstractAccessLogValve.invoke(AbstractAccessLogValve.java:624) [catalina.jar:8.5.15]
	at org.apache.catalina.core.StandardEngineValve.invoke(StandardEngineValve.java:87) [catalina.jar:8.5.15]
	at org.apache.catalina.connector.CoyoteAdapter.service(CoyoteAdapter.java:342) [catalina.jar:8.5.15]
	at org.apache.coyote.http11.Http11Processor.service(Http11Processor.java:799) [tomcat-coyote.jar:8.5.15]
	at org.apache.coyote.AbstractProcessorLight.process(AbstractProcessorLight.java:66) [tomcat-coyote.jar:8.5.15]
	at org.apache.coyote.AbstractProtocol$ConnectionHandler.process(AbstractProtocol.java:861) [tomcat-coyote.jar:8.5.15]
	at org.apache.tomcat.util.net.NioEndpoint$SocketProcessor.doRun(NioEndpoint.java:1455) [tomcat-coyote.jar:8.5.15]
	at org.apache.tomcat.util.net.SocketProcessorBase.run(SocketProcessorBase.java:49) [tomcat-coyote.jar:8.5.15]
	at java.util.concurrent.ThreadPoolExecutor.runWorker(ThreadPoolExecutor.java:1142) [?:1.8.0_66]
	at java.util.concurrent.ThreadPoolExecutor$Worker.run(ThreadPoolExecutor.java:617) [?:1.8.0_66]
	at org.apache.tomcat.util.threads.TaskThread$WrappingRunnable.run(TaskThread.java:61) [tomcat-util.jar:8.5.15]
	at java.lang.Thread.run(Thread.java:745) [?:1.8.0_66]
